生成启动时间为 2014/2/26 11:07:11。
     1>项目“C:\Users\xiebc\Documents\Visual Studio 2010\Projects\direct_01\direct_01\direct_01.vcxproj”在节点 2 上(build 个目标)。
     1>InitializeBuildStatus:
         正在创建“Debug\direct_01.unsuccessfulbuild”，因为已指定“AlwaysCreate”。
       ClCompile:
         所有输出均为最新。
         D:\Program Files (x86)\Microsoft Visual Studio 10.0\VC\bin\CL.exe /c /ZI /nologo /W3 /WX- /Od /Oy- /D WIN32 /D _DEBUG /D _WINDOWS /D _MBCS /Gm /EHsc /RTC1 /MDd /GS /fp:precise /Zc:wchar_t /Zc:forScope /Yu"StdAfx.h" /Fp"Debug\direct_01.pch" /Fo"Debug\\" /Fd"Debug\vc100.pdb" /Gd /TP /analyze- /errorReport:prompt direct_01.cpp
         direct_01.cpp
     1>c:\users\xiebc\documents\visual studio 2010\projects\direct_01\direct_01\direct_01.cpp(97): warning C4996: 'sprintf': This function or variable may be unsafe. Consider using sprintf_s instead. To disable deprecation, use _CRT_SECURE_NO_WARNINGS. See online help for details.
                 d:\program files (x86)\microsoft visual studio 10.0\vc\include\stdio.h(371) : 参见“sprintf”的声明
       ResourceCompile:
         所有输出均为最新。
       ManifestResourceCompile:
         所有输出均为最新。
       Link:
         D:\Program Files (x86)\Microsoft Visual Studio 10.0\VC\bin\link.exe /ERRORREPORT:PROMPT /OUT:"C:\Users\xiebc\Documents\Visual Studio 2010\Projects\direct_01\Debug\direct_01.exe" /INCREMENTAL /NOLOGO /LIBPATH:"D:\Program Files (x86)\Microsoft DirectX SDK (June 2010)\Include" kernel32.lib user32.lib gdi32.lib winspool.lib comdlg32.lib advapi32.lib shell32.lib ole32.lib oleaut32.lib uuid.lib odbc32.lib odbccp32.lib /MANIFEST /ManifestFile:"Debug\direct_01.exe.intermediate.manifest" /MANIFESTUAC:"level='asInvoker' uiAccess='false'" /DEBUG /PDB:"C:\Users\xiebc\Documents\Visual Studio 2010\Projects\direct_01\Debug\direct_01.pdb" /SUBSYSTEM:WINDOWS /TLBID:1 /DYNAMICBASE /NXCOMPAT /IMPLIB:"C:\Users\xiebc\Documents\Visual Studio 2010\Projects\direct_01\Debug\direct_01.lib" /MACHINE:X86 Debug\direct_01.res
         Debug\direct_01.exe.embed.manifest.res
         Debug\direct_01.obj
         Debug\stdafx.obj
       Manifest:
         C:\Program Files (x86)\Microsoft SDKs\Windows\v7.0A\bin\mt.exe /nologo /verbose /out:"Debug\direct_01.exe.embed.manifest" /manifest Debug\direct_01.exe.intermediate.manifest
         所有输出均为最新。
       LinkEmbedManifest:
         所有输出均为最新。
         direct_01.vcxproj -> C:\Users\xiebc\Documents\Visual Studio 2010\Projects\direct_01\Debug\direct_01.exe
       FinalizeBuildStatus:
         正在删除文件“Debug\direct_01.unsuccessfulbuild”。
         正在对“Debug\direct_01.lastbuildstate”执行 Touch 任务。
     1>已完成生成项目“C:\Users\xiebc\Documents\Visual Studio 2010\Projects\direct_01\direct_01\direct_01.vcxproj”(build 个目标)的操作。

生成成功。

已用时间 00:00:00.34
